<?xml version="1.0" encoding="utf-8"?><testsuites><testsuite name="pytest" errors="0" failures="0" skipped="0" tests="3" time="1.185" timestamp="2024-03-29T11:19:19.800667" hostname="7d3317166ce1"><testcase classname="tests.test_prediction" name="test_single_pred_not_none" time="0.032" /><testcase classname="tests.test_prediction" name="test_single_pred_str_type" time="0.030" /><testcase classname="tests.test_prediction" name="test_single_pred_validate" time="0.031" /></testsuite></testsuites>